<?xml version="1.0" encoding="utf-8"?>
<test-run id="2" testcasecount="3" result="Passed" total="3" passed="3" failed="0" inconclusive="0" skipped="0" asserts="0" engine-version="3.5.0.0" clr-version="4.0.30319.42000" start-time="2026-09-12 15:13:18Z" end-time="2026-09-12 15:13:18Z" duration="0.0176758">
  <test-suite type="TestSuite" id="1591" name="星际拓荒：自动纪元" fullname="星际拓荒：自动纪元" runstate="Runnable" testcasecount="460" result="Passed" start-time="2026-09-12 15:13:18Z" end-time="2026-09-12 15:13:18Z" duration="0.017676" total="3" passed="3" failed="0" inconclusive="0" skipped="0" asserts="0">
    <properties>
      <property name="platform" value="EditMode" />
    </properties>
    <test-suite type="Assembly" id="1415" name="AutoEra.Editor.Tests.dll" fullname="D:/unity/UnityProject/stellar-frontier-auto-era/Library/ScriptAssemblies/AutoEra.Editor.Tests.dll" runstate="Runnable" testcasecount="320" result="Passed" start-time="2026-09-12 15:13:18Z" end-time="2026-09-12 15:13:18Z" duration="0.013835" total="3" passed="3" failed="0" inconclusive="0" skipped="0" asserts="0">
      <properties>
        <property name="_PID" value="90340" />
        <property name="_APPDOMAIN" value="Unity Child Domain" />
        <property name="platform" value="EditMode" />
        <property name="EditorOnly" value="True" />
      </properties>
      <test-suite type="TestSuite" id="1416" name="AutoEra" fullname="AutoEra" runstate="Runnable" testcasecount="320" result="Passed" start-time="2026-09-12 15:13:18Z" end-time="2026-09-12 15:13:18Z" duration="0.013098" total="3" passed="3" failed="0" inconclusive="0" skipped="0" asserts="0">
        <properties />
        <test-suite type="TestSuite" id="1417" name="Tests" fullname="AutoEra.Tests" runstate="Runnable" testcasecount="320" result="Passed" start-time="2026-09-12 15:13:18Z" end-time="2026-09-12 15:13:18Z" duration="0.012494" total="3" passed="3" failed="0" inconclusive="0" skipped="0" asserts="0">
          <properties />
          <test-suite type="TestSuite" id="1418" name="Editor" fullname="AutoEra.Tests.Editor" runstate="Runnable" testcasecount="320" result="Passed" start-time="2026-09-12 15:13:18Z" end-time="2026-09-12 15:13:18Z" duration="0.011912" total="3" passed="3" failed="0" inconclusive="0" skipped="0" asserts="0">
            <properties />
            <test-suite type="TestFixture" id="1218" name="MachineExecutionContextEditModeTests" fullname="AutoEra.Tests.Editor.MachineExecutionContextEditModeTests" classname="AutoEra.Tests.Editor.MachineExecutionContextEditModeTests" runstate="Runnable" testcasecount="3" result="Passed" start-time="2026-09-12 15:13:18Z" end-time="2026-09-12 15:13:18Z" duration="0.010557" total="3" passed="3" failed="0" inconclusive="0" skipped="0" asserts="0">
              <properties />
              <test-case id="1220" name="DetachedHardware_InvalidatesQueuedTargetsAndCanRebindAfterReinstall" fullname="AutoEra.Tests.Editor.MachineExecutionContextEditModeTests.DetachedHardware_InvalidatesQueuedTargetsAndCanRebindAfterReinstall" methodname="DetachedHardware_InvalidatesQueuedTargetsAndCanRebindAfterReinstall" classname="AutoEra.Tests.Editor.MachineExecutionContextEditModeTests" runstate="Runnable" seed="538449266" result="Passed" start-time="2026-09-12 15:13:18Z" end-time="2026-09-12 15:13:18Z" duration="0.004363" asserts="0">
                <properties>
                  <property name="retryIteration" value="0" />
                  <property name="repeatIteration" value="0" />
                </properties>
              </test-case>
              <test-case id="1219" name="SafeStop_AllowsPhysicalTailAndOnlyThenCommitsHardwareRemoval" fullname="AutoEra.Tests.Editor.MachineExecutionContextEditModeTests.SafeStop_AllowsPhysicalTailAndOnlyThenCommitsHardwareRemoval" methodname="SafeStop_AllowsPhysicalTailAndOnlyThenCommitsHardwareRemoval" classname="AutoEra.Tests.Editor.MachineExecutionContextEditModeTests" runstate="Runnable" seed="954959399" result="Passed" start-time="2026-09-12 15:13:18Z" end-time="2026-09-12 15:13:18Z" duration="0.001788" asserts="0">
                <properties>
                  <property name="retryIteration" value="0" />
                  <property name="repeatIteration" value="0" />
                </properties>
              </test-case>
              <test-case id="1221" name="StateProjection_PausesWithoutLosingRequestAndTracksReservations" fullname="AutoEra.Tests.Editor.MachineExecutionContextEditModeTests.StateProjection_PausesWithoutLosingRequestAndTracksReservations" methodname="StateProjection_PausesWithoutLosingRequestAndTracksReservations" classname="AutoEra.Tests.Editor.MachineExecutionContextEditModeTests" runstate="Runnable" seed="1773571168" result="Passed" start-time="2026-09-12 15:13:18Z" end-time="2026-09-12 15:13:18Z" duration="0.000875" asserts="0">
                <properties>
                  <property name="retryIteration" value="0" />
                  <property name="repeatIteration" value="0" />
                </properties>
                <output><![CDATA[Saving results to: C:/Users/WIN10/AppData/LocalLow/ZZNC/星际拓荒：自动纪元\TestResults.xml
]]></output>
              </test-case>
            </test-suite>
          </test-suite>
        </test-suite>
      </test-suite>
    </test-suite>
  </test-suite>
</test-run>